<?xml version="1.0" encoding="UTF-8"?>
<testng-results ignored="0" total="1" passed="1" failed="0" skipped="0">
  <reporter-output>
    <line>
      <![CDATA[testA...]]>
    </line>
  </reporter-output>
  <suite started-at="2023-06-30T11:26:37Z" name="Suite" finished-at="2023-06-30T11:26:59Z" duration-ms="21965">
    <groups>
    </groups>
    <test started-at="2023-06-30T11:26:37Z" name="Test" finished-at="2023-06-30T11:26:59Z" duration-ms="21965">
      <class name="pos.scripts.DemoTest">
        <test-method is-config="true" signature="intReport(java.lang.String)[pri:0, instance:pos.scripts.DemoTest@76908cc0]" started-at="2023-06-30T11:26:36Z" name="intReport" finished-at="2023-06-30T11:26:37Z" duration-ms="601" status="PASS">
          <params>
            <param index="0">
              <value>
                <![CDATA[report/Spark.html]]>
              </value>
            </param>
          </params>
          <reporter-output>
          </reporter-output>
        </test-method> <!-- intReport -->
        <test-method is-config="true" signature="preCondition(java.lang.String, java.lang.String, java.lang.String)[pri:0, instance:pos.scripts.DemoTest@76908cc0]" started-at="2023-06-30T11:26:37Z" name="preCondition" finished-at="2023-06-30T11:26:57Z" duration-ms="20228" status="PASS">
          <params>
            <param index="0">
              <value>
                <![CDATA[https://subramaniam.aksharatraining.in/pos/public/]]>
              </value>
            </param>
            <param index="1">
              <value>
                <![CDATA[no]]>
              </value>
            </param>
            <param index="2">
              <value>
                <![CDATA[qa.properties]]>
              </value>
            </param>
          </params>
          <reporter-output>
          </reporter-output>
        </test-method> <!-- preCondition -->
        <test-method is-config="true" signature="beforeMethod(java.lang.reflect.Method)[pri:0, instance:pos.scripts.DemoTest@76908cc0]" started-at="2023-06-30T11:26:57Z" name="beforeMethod" finished-at="2023-06-30T11:26:58Z" duration-ms="1174" status="PASS">
          <params>
            <param index="0">
              <value>
                <![CDATA[public void pos.scripts.DemoTest.testA()]]>
              </value>
            </param>
          </params>
          <reporter-output>
          </reporter-output>
        </test-method> <!-- beforeMethod -->
        <test-method signature="testA()[pri:0, instance:pos.scripts.DemoTest@76908cc0]" started-at="2023-06-30T11:26:58Z" name="testA" finished-at="2023-06-30T11:26:58Z" duration-ms="18" status="PASS">
          <reporter-output>
            <line>
              <![CDATA[testA...]]>
            </line>
          </reporter-output>
        </test-method> <!-- testA -->
        <test-method is-config="true" signature="postCondition(org.testng.ITestResult)[pri:0, instance:pos.scripts.DemoTest@76908cc0]" started-at="2023-06-30T11:26:58Z" name="postCondition" finished-at="2023-06-30T11:26:58Z" duration-ms="1" status="PASS">
          <params>
            <param index="0">
              <value>
                <![CDATA[[TestResult name=testA status=SUCCESS method=DemoTest.testA()[pri:0, instance:pos.scripts.DemoTest@76908cc0] output=testA...]]]>
              </value>
            </param>
          </params>
          <reporter-output>
          </reporter-output>
        </test-method> <!-- postCondition -->
        <test-method is-config="true" signature="afterMethod()[pri:0, instance:pos.scripts.DemoTest@76908cc0]" started-at="2023-06-30T11:26:58Z" name="afterMethod" finished-at="2023-06-30T11:26:59Z" duration-ms="485" status="PASS">
          <reporter-output>
          </reporter-output>
        </test-method> <!-- afterMethod -->
        <test-method is-config="true" signature="generateReport()[pri:0, instance:pos.scripts.DemoTest@76908cc0]" started-at="2023-06-30T11:26:59Z" name="generateReport" finished-at="2023-06-30T11:27:00Z" duration-ms="800" status="PASS">
          <reporter-output>
          </reporter-output>
        </test-method> <!-- generateReport -->
      </class> <!-- pos.scripts.DemoTest -->
    </test> <!-- Test -->
  </suite> <!-- Suite -->
</testng-results>
